<?xml version="1.0" encoding="UTF-8"?>
<!-- Generated by org.testng.reporters.JUnitReportReporter -->
<testsuite hostname="ubuntu" name="storm.starter.tools.RankableObjectWithFieldsTest" tests="48" failures="0" timestamp="17 Oct 2014 15:55:20 GMT" time="0.099" errors="0">
  <testcase name="verifyCompareTo" time="0.000" classname="storm.starter.tools.RankableObjectWithFieldsTest"/>
  <testcase name="constructorWithNullObjectAndFieldsShouldThrowIAE" time="0.001" classname="storm.starter.tools.RankableObjectWithFieldsTest"/>
  <testcase name="toStringShouldContainStringRepresentationsOfObjectAndCount" time="0.001" classname="storm.starter.tools.RankableObjectWithFieldsTest"/>
  <testcase name="shouldHaveDifferentHashCodeThanFalseDuplicates" time="0.001" classname="storm.starter.tools.RankableObjectWithFieldsTest"/>
  <testcase name="verifyCompareTo" time="0.001" classname="storm.starter.tools.RankableObjectWithFieldsTest"/>
  <testcase name="shouldHaveDifferentHashCodeThanFalseDuplicates" time="0.001" classname="storm.starter.tools.RankableObjectWithFieldsTest"/>
  <testcase name="shouldHaveDifferentHashCodeThanFalseDuplicates" time="0.001" classname="storm.starter.tools.RankableObjectWithFieldsTest"/>
  <testcase name="shouldNotBeEqualToInstancesOfOtherClasses" time="0.001" classname="storm.starter.tools.RankableObjectWithFieldsTest"/>
  <testcase name="constructorWithNullObjectAndNoFieldsShouldThrowIAE" time="0.000" classname="storm.starter.tools.RankableObjectWithFieldsTest"/>
  <testcase name="verifyCompareTo" time="0.000" classname="storm.starter.tools.RankableObjectWithFieldsTest"/>
  <testcase name="verifyCompareTo" time="0.000" classname="storm.starter.tools.RankableObjectWithFieldsTest"/>
  <testcase name="shouldNotBeEqualToInstancesOfOtherClasses" time="0.001" classname="storm.starter.tools.RankableObjectWithFieldsTest"/>
  <testcase name="shouldReturnTheFields" time="0.000" classname="storm.starter.tools.RankableObjectWithFieldsTest"/>
  <testcase name="shouldNotBeEqualToFalseDuplicates" time="0.001" classname="storm.starter.tools.RankableObjectWithFieldsTest"/>
  <testcase name="shouldBeEqualToTrueDuplicates" time="0.000" classname="storm.starter.tools.RankableObjectWithFieldsTest"/>
  <testcase name="shouldNotBeEqualToFalseDuplicates" time="0.000" classname="storm.starter.tools.RankableObjectWithFieldsTest"/>
  <testcase name="copyShouldReturnCopy" time="0.001" classname="storm.starter.tools.RankableObjectWithFieldsTest"/>
  <testcase name="shouldHaveSameHashCodeAsTrueDuplicates" time="0.000" classname="storm.starter.tools.RankableObjectWithFieldsTest"/>
  <testcase name="copyShouldReturnCopy" time="0.004" classname="storm.starter.tools.RankableObjectWithFieldsTest"/>
  <testcase name="shouldHaveSameHashCodeAsTrueDuplicates" time="0.010" classname="storm.starter.tools.RankableObjectWithFieldsTest"/>
  <testcase name="shouldReturnTheCount" time="0.000" classname="storm.starter.tools.RankableObjectWithFieldsTest"/>
  <testcase name="verifyCompareTo" time="0.001" classname="storm.starter.tools.RankableObjectWithFieldsTest"/>
  <testcase name="copyShouldReturnCopy" time="0.001" classname="storm.starter.tools.RankableObjectWithFieldsTest"/>
  <testcase name="shouldBeEqualToTrueDuplicates" time="0.000" classname="storm.starter.tools.RankableObjectWithFieldsTest"/>
  <testcase name="verifyCompareTo" time="0.001" classname="storm.starter.tools.RankableObjectWithFieldsTest"/>
  <testcase name="constructorWithNegativeCountAndFieldsShouldThrowIAE" time="0.000" classname="storm.starter.tools.RankableObjectWithFieldsTest"/>
  <testcase name="shouldNotBeEqualToInstancesOfOtherClasses" time="0.001" classname="storm.starter.tools.RankableObjectWithFieldsTest"/>
  <testcase name="shouldReturnTheObject" time="0.000" classname="storm.starter.tools.RankableObjectWithFieldsTest"/>
  <testcase name="verifyCompareTo" time="0.000" classname="storm.starter.tools.RankableObjectWithFieldsTest"/>
  <testcase name="shouldHaveDifferentHashCodeThanFalseDuplicates" time="0.001" classname="storm.starter.tools.RankableObjectWithFieldsTest"/>
  <testcase name="shouldNotBeEqualToFalseDuplicates" time="0.005" classname="storm.starter.tools.RankableObjectWithFieldsTest"/>
  <testcase name="fieldsShouldBeImmutable" time="0.001" classname="storm.starter.tools.RankableObjectWithFieldsTest"/>
  <testcase name="shouldNotBeEqualToFalseDuplicates" time="0.000" classname="storm.starter.tools.RankableObjectWithFieldsTest"/>
  <testcase name="shouldBeEqualToTrueDuplicates" time="0.004" classname="storm.starter.tools.RankableObjectWithFieldsTest"/>
  <testcase name="verifyCompareTo" time="0.000" classname="storm.starter.tools.RankableObjectWithFieldsTest"/>
  <testcase name="shouldNotBeEqualToFalseDuplicates" time="0.001" classname="storm.starter.tools.RankableObjectWithFieldsTest"/>
  <testcase name="shouldBeEqualToItself" time="0.000" classname="storm.starter.tools.RankableObjectWithFieldsTest"/>
  <testcase name="constructorWithNegativeCountAndNoFieldsShouldThrowIAE" time="0.000" classname="storm.starter.tools.RankableObjectWithFieldsTest"/>
  <testcase name="shouldCreateRankableObjectFromTuple" time="0.038" classname="storm.starter.tools.RankableObjectWithFieldsTest"/>
  <testcase name="shouldReturnTheFields" time="0.006" classname="storm.starter.tools.RankableObjectWithFieldsTest"/>
  <testcase name="shouldHaveDifferentHashCodeThanFalseDuplicates" time="0.001" classname="storm.starter.tools.RankableObjectWithFieldsTest"/>
  <testcase name="shouldHaveSameHashCodeAsTrueDuplicates" time="0.001" classname="storm.starter.tools.RankableObjectWithFieldsTest"/>
  <testcase name="shouldHaveDifferentHashCodeThanFalseDuplicates" time="0.001" classname="storm.starter.tools.RankableObjectWithFieldsTest"/>
  <testcase name="shouldNotBeEqualToFalseDuplicates" time="0.001" classname="storm.starter.tools.RankableObjectWithFieldsTest"/>
  <testcase name="verifyCompareTo" time="0.001" classname="storm.starter.tools.RankableObjectWithFieldsTest"/>
  <testcase name="toStringShouldContainStringRepresentationsOfObjectAndCount" time="0.008" classname="storm.starter.tools.RankableObjectWithFieldsTest"/>
  <testcase name="verifyCompareTo" time="0.001" classname="storm.starter.tools.RankableObjectWithFieldsTest"/>
  <testcase name="shouldNotBeEqualToInstancesOfOtherClasses" time="0.001" classname="storm.starter.tools.RankableObjectWithFieldsTest"/>
</testsuite> <!-- storm.starter.tools.RankableObjectWithFieldsTest -->
